<?xml version="1.0" encoding="UTF-8"?>
<!-- Generated by org.testng.reporters.JUnitReportReporter -->
<testsuite hostname="pikjians-MacBook-Air.local" failures="0" tests="3" name="TestCases.SelectStateTest" time="105.520" errors="0" timestamp="2024-10-25T16:13:40 SGT" skipped="0">
  <testcase classname="TestCases.SelectStateTest" name="testSearchedStateResultListContainsKeyword" time="12.036"/>
  <system-out/>
  <testcase classname="TestCases.SelectStateTest" name="testSelectStateByScrolling" time="24.761"/>
  <system-out/>
  <testcase classname="TestCases.SelectStateTest" name="testAllStatesSize" time="68.723"/>
  <system-out/>
</testsuite> <!-- TestCases.SelectStateTest -->
