<?xml version="1.0" encoding="UTF-8"?>
<!-- Generated by org.testng.reporters.JUnitReportReporter -->
<testsuite hostname="pikjians-MacBook-Air.local" failures="0" tests="4" name="TestCases.PhoneNumberTest" time="52.720" errors="0" timestamp="2024-10-25T16:13:40 SGT" skipped="0">
  <testcase classname="TestCases.PhoneNumberTest" name="testOnceInvalidPhoneNumber" time="12.294"/>
  <system-out/>
  <testcase classname="TestCases.PhoneNumberTest" name="testEmptyPhoneNumber" time="9.777"/>
  <system-out/>
  <testcase classname="TestCases.PhoneNumberTest" name="testInvalidCountryCode" time="14.087"/>
  <system-out/>
  <testcase classname="TestCases.PhoneNumberTest" name="testMoreThan3TimesInvalidPhoneNumber" time="16.562"/>
  <system-out/>
</testsuite> <!-- TestCases.PhoneNumberTest -->
