<?xml version="1.0" encoding="UTF-8"?>
<!-- Generated by org.testng.reporters.JUnitReportReporter -->
<testsuite hostname="pikjians-MacBook-Air.local" failures="0" tests="4" name="TestCases.PhoneNumberTest" time="52.927" errors="0" timestamp="2024-10-25T23:54:42 SGT" skipped="0">
  <testcase classname="TestCases.PhoneNumberTest" name="testOnceInvalidPhoneNumber" time="13.805"/>
  <system-out/>
  <testcase classname="TestCases.PhoneNumberTest" name="testEmptyPhoneNumber" time="9.221"/>
  <system-out/>
  <testcase classname="TestCases.PhoneNumberTest" name="testInvalidCountryCode" time="12.060"/>
  <system-out/>
  <testcase classname="TestCases.PhoneNumberTest" name="testMoreThan3TimesInvalidPhoneNumber" time="17.841"/>
  <system-out/>
</testsuite> <!-- TestCases.PhoneNumberTest -->
