<?xml version="1.0" encoding="UTF-8"?>
<!-- Generated by org.testng.reporters.JUnitReportReporter -->
<testsuite hostname="pikjians-MacBook-Air.local" failures="0" tests="3" name="TestCases.SelectStateTest" time="124.113" errors="0" timestamp="2024-10-25T23:54:42 SGT" skipped="0">
  <testcase classname="TestCases.SelectStateTest" name="testSearchedStateResultListContainsKeyword" time="13.579"/>
  <system-out/>
  <testcase classname="TestCases.SelectStateTest" name="testAllStatesSize" time="77.519"/>
  <system-out/>
  <testcase classname="TestCases.SelectStateTest" name="testSelectStateByScrolling" time="33.015"/>
  <system-out/>
</testsuite> <!-- TestCases.SelectStateTest -->
