<?xml version="1.0" encoding="UTF-8"?>
<!-- Generated by org.testng.reporters.JUnitReportReporter -->
<testsuite hostname="pikjians-MacBook-Air.local" failures="0" tests="1" name="TestCases.LoginAndLogoutTest" time="48.500" errors="0" timestamp="2024-10-25T23:54:42 SGT" skipped="0">
  <testcase classname="TestCases.LoginAndLogoutTest" name="testLogin" time="48.500"/>
  <system-out/>
</testsuite> <!-- TestCases.LoginAndLogoutTest -->
